

Microchip Technology PIC18 LITE Macro Assembler V1.20 build 52243 
                                                                                               Thu Dec 05 13:23:54 2013

Microchip Technology Omniscient Code Generator (Lite mode) build 52243
     1                           	processor	18F46K22
     2                           	fnconf	rparam,??,?,0
     3                           	opt	pw 120
     4                           	opt	lm
     5                           	psect	text0,global,reloc=2,class=CODE,delta=1
     6                           	psect	cinit,global,reloc=2,class=CODE,delta=1
     7                           	psect	bssCOMRAM,global,class=COMRAM,space=1,delta=1
     8                           	psect	cstackCOMRAM,global,class=COMRAM,space=1,delta=1
     9                           	psect	text1,global,reloc=2,class=CODE,delta=1
    10                           	psect	text2,global,reloc=2,class=CODE,delta=1
    11                           	psect	text3,global,reloc=2,class=CODE,delta=1
    12                           	psect	text4,global,reloc=2,class=CODE,delta=1
    13                           	psect	text5,global,reloc=2,class=CODE,delta=1
    14                           	psect	text6,global,reloc=2,class=CODE,delta=1
    15                           	psect	text7,global,reloc=2,class=CODE,delta=1
    16                           	psect	intsave_regs,global,class=BIGRAM,space=1,delta=1
    17                           	psect	rparam,global,class=COMRAM,space=1,delta=1
    18  0000                     _ANSELA	set	3896
    19  0000                     _ANSELC	set	3898
    20  0000                     _INTCONbits	set	4082
    21  0000                     _LATA	set	3977
    22  0000                     _LATC	set	3979
    23  0000                     _OSCCONbits	set	4051
    24  0000                     _OSCTUNEbits	set	3995
    25  0000                     _PORTAbits	set	3968
    26  0000                     _PORTCbits	set	3970
    27  0000                     _TRISA	set	3986
    28  0000                     _TRISC	set	3988
    29                           
    30                           ; 0 bytes @ 0x4
    31 ;;
    32 ;;Main: autosize = 0, tempsize = 0, incstack = 0, save=0
    33 ;;
    34 ;; *************** function _main *****************
    35 ;; Defined at:
    36 ;;		line 129 in file "../../Source/SysMain.c"
    37 ;; Parameters:    Size  Location     Type
    38 ;;		None
    39 ;; Auto vars:     Size  Location     Type
    40 ;;		None
    41 ;; Return value:  Size  Location     Type
    42 ;;		None               void
    43 ;; Registers used:
    44 ;;		wreg, fsr2l, fsr2h, status,2, status,0, prodl, prodh, cstack
    45 ;; Tracked objects:
    46 ;;		On entry : 0/0
    47 ;;		On exit  : 0/0
    48 ;;		Unchanged: 0/0
    49 ;; Data sizes:     COMRAM   BANK0   BANK1   BANK2   BANK3   BANK4   BANK5   BANK6   BANK7   BANK8   BANK9  BANK10  BANK1
      +1  BANK12  BANK13  BANK14  BANK15
    50 ;;      Params:         0       0       0       0       0       0       0       0       0       0       0       0       
      +0       0       0       0       0
    51 ;;      Locals:         0       0       0       0       0       0       0       0       0       0       0       0       
      +0       0       0       0       0
    52 ;;      Temps:          0       0       0       0       0       0       0       0       0       0       0       0       
      +0       0       0       0       0
    53 ;;      Totals:         0       0       0       0       0       0       0       0       0       0       0       0       
      +0       0       0       0       0
    54 ;;Total ram usage:        0 bytes
    55 ;; Hardware stack levels required when called:    3
    56 ;; This function calls:
    57 ;;		_eosMain
    58 ;; This function is called by:
    59 ;;		Startup code after reset
    60 ;; This function uses a non-reentrant model
    61 ;;
    62                           
    63                           	psect	text0
    64  00FE0A                     __ptext0:
    65                           	opt stack 0
    66                           
    67                           ; #config settings
    68  00FE0A                     _main:
    69                           	opt stack 28
    70                           
    71                           ;SysMain.c: 131: eosMain();
    72                           
    73                           ;incstack = 0
    74                           ;incstack = 0
    75  00FE0A  EC25  F07F         	call	_eosMain	;wreg free
    76  00FE0E  EF00  F000         	goto	start
    77  00FE12                     __end_of_main:
    78                           	opt stack 0
    79                           
    80                           	psect	cinit
    81  00FE22                     __pcinit:
    82                           	opt stack 0
    83  00FE22                     start_initialization:
    84                           	opt stack 0
    85  00FE22                     __initialization:
    86                           	opt stack 0
    87                           
    88                           ; Clear objects allocated to COMRAM (48 bytes)
    89  00FE22  EE00  F001         	lfsr	0,__pbssCOMRAM
    90  00FE26  0E30               	movlw	48
    91  00FE28                     clear_0:
    92  00FE28  6AEE               	clrf	postinc0,c
    93  00FE2A  06E8               	decf	wreg,f,c
    94  00FE2C  E1FD               	bnz	clear_0
    95  00FE2E                     end_of_initialization:
    96                           	opt stack 0
    97  00FE2E                     __end_of__initialization:
    98                           	opt stack 0
    99  00FE2E  0100               	movlb	0
   100  00FE30  EF05  F07F         	goto	_main	;jump to C main() function
   101                           postinc0	equ	0xFEE
   102                           wreg	equ	0xFE8
   103                           
   104                           	psect	bssCOMRAM
   105  000001                     __pbssCOMRAM:
   106                           	opt stack 0
   107  000001                     _ports:
   108                           	opt stack 0
   109  000001                     	ds	48
   110                           postinc0	equ	0xFEE
   111                           wreg	equ	0xFE8
   112                           
   113                           	psect	cstackCOMRAM
   114  000031                     __pcstackCOMRAM:
   115                           	opt stack 0
   116  000031                     ??_sysOutInitialize:
   117  000031                     ??_sysOutLoop:
   118  000031                     ?_eosOutSet:
   119                           	opt stack 0
   120  000031                     eosOutSet@out:
   121                           	opt stack 0
   122                           
   123                           ; 1 bytes @ 0x0
   124  000031                     	ds	1
   125  000032                     sysOutInitialize@out:
   126                           	opt stack 0
   127  000032                     sysOutLoop@v:
   128                           	opt stack 0
   129  000032                     eosOutSet@s:
   130                           	opt stack 0
   131                           
   132                           ; 1 bytes @ 0x1
   133  000032                     	ds	1
   134  000033                     ??_usrLoop:
   135  000033                     sysOutLoop@out:
   136                           	opt stack 0
   137                           
   138                           ; 1 bytes @ 0x2
   139  000033                     	ds	2
   140  000035                     postinc0	equ	0xFEE
   141                           wreg	equ	0xFE8
   142                           
   143 ;; *************** function _eosMain *****************
   144 ;; Defined at:
   145 ;;		line 84 in file "../../Source/SysMain.c"
   146 ;; Parameters:    Size  Location     Type
   147 ;;		None
   148 ;; Auto vars:     Size  Location     Type
   149 ;;		None
   150 ;; Return value:  Size  Location     Type
   151 ;;		None               void
   152 ;; Registers used:
   153 ;;		wreg, fsr2l, fsr2h, status,2, status,0, prodl, prodh, cstack
   154 ;; Tracked objects:
   155 ;;		On entry : 0/0
   156 ;;		On exit  : 0/0
   157 ;;		Unchanged: 0/0
   158 ;; Data sizes:     COMRAM   BANK0   BANK1   BANK2   BANK3   BANK4   BANK5   BANK6   BANK7   BANK8   BANK9  BANK10  BANK1
      +1  BANK12  BANK13  BANK14  BANK15
   159 ;;      Params:         0       0       0       0       0       0       0       0       0       0       0       0       
      +0       0       0       0       0
   160 ;;      Locals:         0       0       0       0       0       0       0       0       0       0       0       0       
      +0       0       0       0       0
   161 ;;      Temps:          0       0       0       0       0       0       0       0       0       0       0       0       
      +0       0       0       0       0
   162 ;;      Totals:         0       0       0       0       0       0       0       0       0       0       0       0       
      +0       0       0       0       0
   163 ;;Total ram usage:        0 bytes
   164 ;; Hardware stack levels used:    1
   165 ;; Hardware stack levels required when called:    2
   166 ;; This function calls:
   167 ;;		_usrInitialize
   168 ;;		_sysOutInitialize
   169 ;;		_usrSetup
   170 ;;		_sysOutLoop
   171 ;;		_usrLoop
   172 ;; This function is called by:
   173 ;;		_main
   174 ;; This function uses a non-reentrant model
   175 ;;
   176                           
   177                           	psect	text1
   178  00FE4A                     __ptext1:
   179                           	opt stack 0
   180  00FE4A                     _eosMain:
   181                           	opt stack 28
   182                           
   183                           ;SysMain.c: 86: usrInitialize();
   184                           
   185                           ;incstack = 0
   186                           ;incstack = 0
   187  00FE4A  EC09  F07F         	call	_usrInitialize	;wreg free
   188                           
   189                           ;SysMain.c: 89: sysOutInitialize();
   190  00FE4E  EC53  F07F         	call	_sysOutInitialize	;wreg free
   191                           
   192                           ;SysMain.c: 100: usrSetup();
   193  00FE52  EC04  F07F         	call	_usrSetup	;wreg free
   194  00FE56                     l835:
   195                           
   196                           ;SysMain.c: 104: sysOutLoop();
   197  00FE56  EC86  F07F         	call	_sysOutLoop	;wreg free
   198                           
   199                           ;SysMain.c: 110: usrLoop();
   200  00FE5A  EC1A  F07F         	call	_usrLoop	;wreg free
   201  00FE5E  D7FB               	goto	l835
   202  00FE60                     __end_of_eosMain:
   203                           	opt stack 0
   204                           postinc0	equ	0xFEE
   205                           wreg	equ	0xFE8
   206                           
   207 ;; *************** function _usrLoop *****************
   208 ;; Defined at:
   209 ;;		line 72 in file "../Main.c"
   210 ;; Parameters:    Size  Location     Type
   211 ;;		None
   212 ;; Auto vars:     Size  Location     Type
   213 ;;		None
   214 ;; Return value:  Size  Location     Type
   215 ;;		None               void
   216 ;; Registers used:
   217 ;;		wreg, fsr2l, fsr2h, status,2, status,0, prodl, prodh, cstack
   218 ;; Tracked objects:
   219 ;;		On entry : 0/0
   220 ;;		On exit  : 0/0
   221 ;;		Unchanged: 0/0
   222 ;; Data sizes:     COMRAM   BANK0   BANK1   BANK2   BANK3   BANK4   BANK5   BANK6   BANK7   BANK8   BANK9  BANK10  BANK1
      +1  BANK12  BANK13  BANK14  BANK15
   223 ;;      Params:         0       0       0       0       0       0       0       0       0       0       0       0       
      +0       0       0       0       0
   224 ;;      Locals:         0       0       0       0       0       0       0       0       0       0       0       0       
      +0       0       0       0       0
   225 ;;      Temps:          2       0       0       0       0       0       0       0       0       0       0       0       
      +0       0       0       0       0
   226 ;;      Totals:         2       0       0       0       0       0       0       0       0       0       0       0       
      +0       0       0       0       0
   227 ;;Total ram usage:        2 bytes
   228 ;; Hardware stack levels used:    1
   229 ;; Hardware stack levels required when called:    1
   230 ;; This function calls:
   231 ;;		_eosOutSet
   232 ;; This function is called by:
   233 ;;		_eosMain
   234 ;; This function uses a non-reentrant model
   235 ;;
   236                           
   237                           	psect	text2
   238  00FE34                     __ptext2:
   239                           	opt stack 0
   240  00FE34                     _usrLoop:
   241                           	opt stack 28
   242                           
   243                           ;Main.c: 74: eosOutSet(0, 1);
   244                           
   245                           ;incstack = 0
   246                           ;incstack = 0
   247  00FE34  6E33               	movwf	??_usrLoop& (0+255),c
   248  00FE36  0E00               	movlw	0
   249  00FE38  6E31               	movwf	?_eosOutSet,c
   250  00FE3A  5033               	movf	??_usrLoop& (0+255),w,c
   251  00FE3C  6E34               	movwf	(??_usrLoop+1)& (0+255),c
   252  00FE3E  0E01               	movlw	1
   253  00FE40  6E32               	movwf	?_eosOutSet+1,c
   254  00FE42  5034               	movf	(??_usrLoop+1)& (0+255),w,c
   255  00FE44  EC30  F07F         	call	_eosOutSet	;wreg free
   256  00FE48  0012               	return	
   257  00FE4A                     __end_of_usrLoop:
   258                           	opt stack 0
   259                           postinc0	equ	0xFEE
   260                           wreg	equ	0xFE8
   261                           
   262 ;; *************** function _eosOutSet *****************
   263 ;; Defined at:
   264 ;;		line 109 in file "../../Source/Ports/OutPorts.c"
   265 ;; Parameters:    Size  Location     Type
   266 ;;  out             1    0[COMRAM] unsigned char 
   267 ;;  s               1    1[COMRAM] enum E8068
   268 ;; Auto vars:     Size  Location     Type
   269 ;;		None
   270 ;; Return value:  Size  Location     Type
   271 ;;		None               void
   272 ;; Registers used:
   273 ;;		wreg, fsr2l, fsr2h, status,2, status,0, prodl, prodh
   274 ;; Tracked objects:
   275 ;;		On entry : 0/0
   276 ;;		On exit  : 0/0
   277 ;;		Unchanged: 0/0
   278 ;; Data sizes:     COMRAM   BANK0   BANK1   BANK2   BANK3   BANK4   BANK5   BANK6   BANK7   BANK8   BANK9  BANK10  BANK1
      +1  BANK12  BANK13  BANK14  BANK15
   279 ;;      Params:         2       0       0       0       0       0       0       0       0       0       0       0       
      +0       0       0       0       0
   280 ;;      Locals:         0       0       0       0       0       0       0       0       0       0       0       0       
      +0       0       0       0       0
   281 ;;      Temps:          0       0       0       0       0       0       0       0       0       0       0       0       
      +0       0       0       0       0
   282 ;;      Totals:         2       0       0       0       0       0       0       0       0       0       0       0       
      +0       0       0       0       0
   283 ;;Total ram usage:        2 bytes
   284 ;; Hardware stack levels used:    1
   285 ;; This function calls:
   286 ;;		Nothing
   287 ;; This function is called by:
   288 ;;		_usrLoop
   289 ;; This function uses a non-reentrant model
   290 ;;
   291                           
   292                           	psect	text3
   293  00FE60                     __ptext3:
   294                           	opt stack 0
   295  00FE60                     _eosOutSet:
   296                           	opt stack 28
   297                           
   298                           ;OutPorts.c: 111: if (out < 16) {
   299                           
   300                           ;incstack = 0
   301                           ;incstack = 0
   302  00FE60  0E10               	movlw	16
   303  00FE62  6031               	cpfslt	eosOutSet@out,c
   304  00FE64  0012               	return	
   305                           
   306                           ;OutPorts.c: 112: (INTCONbits.GIE = 0);
   307  00FE66  9EF2               	bcf	intcon,7,c	;volatile
   308                           
   309                           ;OutPorts.c: 113: ports[out].state = s;
   310  00FE68  5031               	movf	eosOutSet@out,w,c
   311  00FE6A  0D03               	mullw	3
   312  00FE6C  0E02               	movlw	2
   313  00FE6E  26F3               	addwf	prodl,f,c
   314  00FE70  0E00               	movlw	0
   315  00FE72  22F4               	addwfc	prodh,f,c
   316  00FE74  0E01               	movlw	low _ports
   317  00FE76  24F3               	addwf	prodl,w,c
   318  00FE78  6ED9               	movwf	fsr2l,c
   319  00FE7A  0E00               	movlw	high _ports
   320  00FE7C  20F4               	addwfc	prodh,w,c
   321  00FE7E  6EDA               	movwf	fsr2h,c
   322  00FE80  50DF               	movf	indf2,w,c
   323  00FE82  1832               	xorwf	eosOutSet@s,w,c
   324  00FE84  0BFE               	andlw	-2
   325  00FE86  1832               	xorwf	eosOutSet@s,w,c
   326  00FE88  6EDF               	movwf	indf2,c
   327                           
   328                           ;OutPorts.c: 114: ports[out].timeout = 0;
   329  00FE8A  5031               	movf	eosOutSet@out,w,c
   330  00FE8C  0D03               	mullw	3
   331  00FE8E  0E01               	movlw	low _ports
   332  00FE90  24F3               	addwf	prodl,w,c
   333  00FE92  6ED9               	movwf	fsr2l,c
   334  00FE94  0E00               	movlw	high _ports
   335  00FE96  20F4               	addwfc	prodh,w,c
   336  00FE98  6EDA               	movwf	fsr2h,c
   337  00FE9A  0E00               	movlw	0
   338  00FE9C  6EDE               	movwf	postinc2,c
   339  00FE9E  0E00               	movlw	0
   340  00FEA0  6EDD               	movwf	postdec2,c
   341                           
   342                           ;OutPorts.c: 115: (INTCONbits.GIE = 1);
   343  00FEA2  8EF2               	bsf	intcon,7,c	;volatile
   344  00FEA4  0012               	return	
   345  00FEA6                     __end_of_eosOutSet:
   346                           	opt stack 0
   347                           prodh	equ	0xFF4
   348                           prodl	equ	0xFF3
   349                           intcon	equ	0xFF2
   350                           postinc0	equ	0xFEE
   351                           wreg	equ	0xFE8
   352                           indf2	equ	0xFDF
   353                           postinc2	equ	0xFDE
   354                           postdec2	equ	0xFDD
   355                           fsr2h	equ	0xFDA
   356                           fsr2l	equ	0xFD9
   357                           
   358 ;; *************** function _sysOutLoop *****************
   359 ;; Defined at:
   360 ;;		line 79 in file "../../Source/Ports/OutPorts.c"
   361 ;; Parameters:    Size  Location     Type
   362 ;;		None
   363 ;; Auto vars:     Size  Location     Type
   364 ;;  v               1    1[COMRAM] unsigned char 
   365 ;;  out             1    2[COMRAM] unsigned char 
   366 ;; Return value:  Size  Location     Type
   367 ;;		None               void
   368 ;; Registers used:
   369 ;;		wreg, fsr2l, fsr2h, status,2, status,0, prodl, prodh
   370 ;; Tracked objects:
   371 ;;		On entry : 0/0
   372 ;;		On exit  : 0/0
   373 ;;		Unchanged: 0/0
   374 ;; Data sizes:     COMRAM   BANK0   BANK1   BANK2   BANK3   BANK4   BANK5   BANK6   BANK7   BANK8   BANK9  BANK10  BANK1
      +1  BANK12  BANK13  BANK14  BANK15
   375 ;;      Params:         0       0       0       0       0       0       0       0       0       0       0       0       
      +0       0       0       0       0
   376 ;;      Locals:         2       0       0       0       0       0       0       0       0       0       0       0       
      +0       0       0       0       0
   377 ;;      Temps:          1       0       0       0       0       0       0       0       0       0       0       0       
      +0       0       0       0       0
   378 ;;      Totals:         3       0       0       0       0       0       0       0       0       0       0       0       
      +0       0       0       0       0
   379 ;;Total ram usage:        3 bytes
   380 ;; Hardware stack levels used:    1
   381 ;; This function calls:
   382 ;;		Nothing
   383 ;; This function is called by:
   384 ;;		_eosMain
   385 ;; This function uses a non-reentrant model
   386 ;;
   387                           
   388                           	psect	text4
   389  00FF0C                     __ptext4:
   390                           	opt stack 0
   391  00FF0C                     _sysOutLoop:
   392                           	opt stack 29
   393                           
   394                           ;OutPorts.c: 81: (INTCONbits.GIE = 0);
   395                           
   396                           ;incstack = 0
   397                           ;incstack = 0
   398  00FF0C  9EF2               	bcf	intcon,7,c	;volatile
   399                           
   400                           ;OutPorts.c: 83: UINT8 out = 16 - 1;
   401  00FF0E  6E31               	movwf	??_sysOutLoop& (0+255),c
   402  00FF10  0E0F               	movlw	15
   403  00FF12  6E33               	movwf	sysOutLoop@out,c
   404  00FF14  5031               	movf	??_sysOutLoop& (0+255),w,c
   405  00FF16                     l735:
   406                           
   407                           ;OutPorts.c: 86: { UINT8 v = ports[out].state; if (out == 0) PORTAbits.RA5 = v; else if 
      +                          (out == 1) PORTAbits.RA4 = v; else if (out == 2) PORTAbits.RA1 = v; else if (out == 3) P
      +                          ORTAbits.RA3 = v; else if (out == 4) PORTAbits.RA2 = v; else if (out == 5) PORTAbits.RA0
      +                           = 
   408  00FF16  5033               	movf	sysOutLoop@out,w,c
   409  00FF18  0D03               	mullw	3
   410  00FF1A  0E02               	movlw	2
   411  00FF1C  26F3               	addwf	prodl,f,c
   412  00FF1E  0E00               	movlw	0
   413  00FF20  22F4               	addwfc	prodh,f,c
   414  00FF22  0E01               	movlw	low _ports
   415  00FF24  24F3               	addwf	prodl,w,c
   416  00FF26  6ED9               	movwf	fsr2l,c
   417  00FF28  0E00               	movlw	high _ports
   418  00FF2A  20F4               	addwfc	prodh,w,c
   419  00FF2C  6EDA               	movwf	fsr2h,c
   420  00FF2E  50DF               	movf	indf2,w,c
   421  00FF30  0B01               	andlw	1
   422  00FF32  6E32               	movwf	sysOutLoop@v,c
   423  00FF34  6633               	tstfsz	sysOutLoop@out,c
   424  00FF36  D006               	goto	l741
   425  00FF38  B032               	btfsc	sysOutLoop@v,0,c
   426  00FF3A  D002               	bra	u75
   427  00FF3C  9A80               	bcf	3968,5,c	;volatile
   428  00FF3E  D001               	bra	u76
   429  00FF40                     u75:
   430  00FF40  8A80               	bsf	3968,5,c	;volatile
   431  00FF42                     u76:
   432  00FF42  D058               	goto	l777
   433  00FF44                     l741:
   434  00FF44  0433               	decf	sysOutLoop@out,w,c
   435  00FF46  A4D8               	btfss	status,2,c
   436  00FF48  D006               	goto	l745
   437  00FF4A  B032               	btfsc	sysOutLoop@v,0,c
   438  00FF4C  D002               	bra	u95
   439  00FF4E  9880               	bcf	3968,4,c	;volatile
   440  00FF50  D001               	bra	u96
   441  00FF52                     u95:
   442  00FF52  8880               	bsf	3968,4,c	;volatile
   443  00FF54                     u96:
   444  00FF54  D04F               	goto	l777
   445  00FF56                     l745:
   446  00FF56  5033               	movf	sysOutLoop@out,w,c
   447  00FF58  0A02               	xorlw	2
   448  00FF5A  A4D8               	btfss	status,2,c
   449  00FF5C  D006               	goto	l749
   450  00FF5E  B032               	btfsc	sysOutLoop@v,0,c
   451  00FF60  D002               	bra	u115
   452  00FF62  9280               	bcf	3968,1,c	;volatile
   453  00FF64  D001               	bra	u116
   454  00FF66                     u115:
   455  00FF66  8280               	bsf	3968,1,c	;volatile
   456  00FF68                     u116:
   457  00FF68  D045               	goto	l777
   458  00FF6A                     l749:
   459  00FF6A  5033               	movf	sysOutLoop@out,w,c
   460  00FF6C  0A03               	xorlw	3
   461  00FF6E  A4D8               	btfss	status,2,c
   462  00FF70  D006               	goto	l753
   463  00FF72  B032               	btfsc	sysOutLoop@v,0,c
   464  00FF74  D002               	bra	u135
   465  00FF76  9680               	bcf	3968,3,c	;volatile
   466  00FF78  D001               	bra	u136
   467  00FF7A                     u135:
   468  00FF7A  8680               	bsf	3968,3,c	;volatile
   469  00FF7C                     u136:
   470  00FF7C  D03B               	goto	l777
   471  00FF7E                     l753:
   472  00FF7E  5033               	movf	sysOutLoop@out,w,c
   473  00FF80  0A04               	xorlw	4
   474  00FF82  A4D8               	btfss	status,2,c
   475  00FF84  D006               	goto	l757
   476  00FF86  B032               	btfsc	sysOutLoop@v,0,c
   477  00FF88  D002               	bra	u155
   478  00FF8A  9480               	bcf	3968,2,c	;volatile
   479  00FF8C  D001               	bra	u156
   480  00FF8E                     u155:
   481  00FF8E  8480               	bsf	3968,2,c	;volatile
   482  00FF90                     u156:
   483  00FF90  D031               	goto	l777
   484  00FF92                     l757:
   485  00FF92  5033               	movf	sysOutLoop@out,w,c
   486  00FF94  0A05               	xorlw	5
   487  00FF96  A4D8               	btfss	status,2,c
   488  00FF98  D006               	goto	l761
   489  00FF9A  B032               	btfsc	sysOutLoop@v,0,c
   490  00FF9C  D002               	bra	u175
   491  00FF9E  9080               	bcf	3968,0,c	;volatile
   492  00FFA0  D001               	bra	u176
   493  00FFA2                     u175:
   494  00FFA2  8080               	bsf	3968,0,c	;volatile
   495  00FFA4                     u176:
   496  00FFA4  D027               	goto	l777
   497  00FFA6                     l761:
   498  00FFA6  5033               	movf	sysOutLoop@out,w,c
   499  00FFA8  0A06               	xorlw	6
   500  00FFAA  A4D8               	btfss	status,2,c
   501  00FFAC  D006               	goto	l765
   502  00FFAE  B032               	btfsc	sysOutLoop@v,0,c
   503  00FFB0  D002               	bra	u195
   504  00FFB2  9282               	bcf	3970,1,c	;volatile
   505  00FFB4  D001               	bra	u196
   506  00FFB6                     u195:
   507  00FFB6  8282               	bsf	3970,1,c	;volatile
   508  00FFB8                     u196:
   509  00FFB8  D01D               	goto	l777
   510  00FFBA                     l765:
   511  00FFBA  5033               	movf	sysOutLoop@out,w,c
   512  00FFBC  0A07               	xorlw	7
   513  00FFBE  A4D8               	btfss	status,2,c
   514  00FFC0  D006               	goto	l769
   515  00FFC2  B032               	btfsc	sysOutLoop@v,0,c
   516  00FFC4  D002               	bra	u215
   517  00FFC6  9682               	bcf	3970,3,c	;volatile
   518  00FFC8  D001               	bra	u216
   519  00FFCA                     u215:
   520  00FFCA  8682               	bsf	3970,3,c	;volatile
   521  00FFCC                     u216:
   522  00FFCC  D013               	goto	l777
   523  00FFCE                     l769:
   524  00FFCE  5033               	movf	sysOutLoop@out,w,c
   525  00FFD0  0A08               	xorlw	8
   526  00FFD2  A4D8               	btfss	status,2,c
   527  00FFD4  D006               	goto	l773
   528  00FFD6  B032               	btfsc	sysOutLoop@v,0,c
   529  00FFD8  D002               	bra	u235
   530  00FFDA  9482               	bcf	3970,2,c	;volatile
   531  00FFDC  D001               	bra	u236
   532  00FFDE                     u235:
   533  00FFDE  8482               	bsf	3970,2,c	;volatile
   534  00FFE0                     u236:
   535  00FFE0  D009               	goto	l777
   536  00FFE2                     l773:
   537  00FFE2  5033               	movf	sysOutLoop@out,w,c
   538  00FFE4  0A09               	xorlw	9
   539  00FFE6  A4D8               	btfss	status,2,c
   540  00FFE8  D005               	goto	l777
   541  00FFEA  B032               	btfsc	sysOutLoop@v,0,c
   542  00FFEC  D002               	bra	u255
   543  00FFEE  9082               	bcf	3970,0,c	;volatile
   544  00FFF0  D001               	bra	u256
   545  00FFF2                     u255:
   546  00FFF2  8082               	bsf	3970,0,c	;volatile
   547  00FFF4                     u256:
   548  00FFF4                     l777:
   549                           
   550                           ;OutPorts.c: 90: } while (out--);
   551  00FFF4  0633               	decf	sysOutLoop@out,f,c
   552  00FFF6  2833               	incf	sysOutLoop@out& (0+255),w,c
   553  00FFF8  A4D8               	btfss	status,2,c
   554  00FFFA  D78D               	goto	l735
   555                           
   556                           ;OutPorts.c: 92: (INTCONbits.GIE = 1);
   557  00FFFC  8EF2               	bsf	intcon,7,c	;volatile
   558  00FFFE  0012               	return	
   559  010000                     __end_of_sysOutLoop:
   560                           	opt stack 0
   561                           prodh	equ	0xFF4
   562                           prodl	equ	0xFF3
   563                           intcon	equ	0xFF2
   564                           postinc0	equ	0xFEE
   565                           wreg	equ	0xFE8
   566                           indf2	equ	0xFDF
   567                           postinc2	equ	0xFDE
   568                           postdec2	equ	0xFDD
   569                           fsr2h	equ	0xFDA
   570                           fsr2l	equ	0xFD9
   571                           status	equ	0xFD8
   572                           
   573 ;; *************** function _usrSetup *****************
   574 ;; Defined at:
   575 ;;		line 68 in file "../Main.c"
   576 ;; Parameters:    Size  Location     Type
   577 ;;		None
   578 ;; Auto vars:     Size  Location     Type
   579 ;;		None
   580 ;; Return value:  Size  Location     Type
   581 ;;		None               void
   582 ;; Registers used:
   583 ;;		None
   584 ;; Tracked objects:
   585 ;;		On entry : 0/0
   586 ;;		On exit  : 0/0
   587 ;;		Unchanged: 0/0
   588 ;; Data sizes:     COMRAM   BANK0   BANK1   BANK2   BANK3   BANK4   BANK5   BANK6   BANK7   BANK8   BANK9  BANK10  BANK1
      +1  BANK12  BANK13  BANK14  BANK15
   589 ;;      Params:         0       0       0       0       0       0       0       0       0       0       0       0       
      +0       0       0       0       0
   590 ;;      Locals:         0       0       0       0       0       0       0       0       0       0       0       0       
      +0       0       0       0       0
   591 ;;      Temps:          0       0       0       0       0       0       0       0       0       0       0       0       
      +0       0       0       0       0
   592 ;;      Totals:         0       0       0       0       0       0       0       0       0       0       0       0       
      +0       0       0       0       0
   593 ;;Total ram usage:        0 bytes
   594 ;; Hardware stack levels used:    1
   595 ;; This function calls:
   596 ;;		Nothing
   597 ;; This function is called by:
   598 ;;		_eosMain
   599 ;; This function uses a non-reentrant model
   600 ;;
   601                           
   602                           	psect	text5
   603  00FE08                     __ptext5:
   604                           	opt stack 0
   605  00FE08                     _usrSetup:
   606                           	opt stack 29
   607                           
   608                           ;incstack = 0
   609                           ;incstack = 0
   610  00FE08  0012               	return	
   611  00FE0A                     __end_of_usrSetup:
   612                           	opt stack 0
   613                           prodh	equ	0xFF4
   614                           prodl	equ	0xFF3
   615                           intcon	equ	0xFF2
   616                           postinc0	equ	0xFEE
   617                           wreg	equ	0xFE8
   618                           indf2	equ	0xFDF
   619                           postinc2	equ	0xFDE
   620                           postdec2	equ	0xFDD
   621                           fsr2h	equ	0xFDA
   622                           fsr2l	equ	0xFD9
   623                           status	equ	0xFD8
   624                           
   625 ;; *************** function _sysOutInitialize *****************
   626 ;; Defined at:
   627 ;;		line 28 in file "../../Source/Ports/OutPorts.c"
   628 ;; Parameters:    Size  Location     Type
   629 ;;		None
   630 ;; Auto vars:     Size  Location     Type
   631 ;;  out             1    1[COMRAM] unsigned char 
   632 ;; Return value:  Size  Location     Type
   633 ;;		None               void
   634 ;; Registers used:
   635 ;;		wreg, fsr2l, fsr2h, status,2, status,0, prodl, prodh
   636 ;; Tracked objects:
   637 ;;		On entry : 0/0
   638 ;;		On exit  : 0/0
   639 ;;		Unchanged: 0/0
   640 ;; Data sizes:     COMRAM   BANK0   BANK1   BANK2   BANK3   BANK4   BANK5   BANK6   BANK7   BANK8   BANK9  BANK10  BANK1
      +1  BANK12  BANK13  BANK14  BANK15
   641 ;;      Params:         0       0       0       0       0       0       0       0       0       0       0       0       
      +0       0       0       0       0
   642 ;;      Locals:         1       0       0       0       0       0       0       0       0       0       0       0       
      +0       0       0       0       0
   643 ;;      Temps:          1       0       0       0       0       0       0       0       0       0       0       0       
      +0       0       0       0       0
   644 ;;      Totals:         2       0       0       0       0       0       0       0       0       0       0       0       
      +0       0       0       0       0
   645 ;;Total ram usage:        2 bytes
   646 ;; Hardware stack levels used:    1
   647 ;; This function calls:
   648 ;;		Nothing
   649 ;; This function is called by:
   650 ;;		_eosMain
   651 ;; This function uses a non-reentrant model
   652 ;;
   653                           
   654                           	psect	text6
   655  00FEA6                     __ptext6:
   656                           	opt stack 0
   657  00FEA6                     _sysOutInitialize:
   658                           	opt stack 29
   659                           
   660                           ;OutPorts.c: 31: { LATA &= 0b11000000; LATC &= 0b11110000; ANSELA &= 0b11010000; ANSELC 
      +                          &= 0b11110011; TRISA &= 0b11000000; TRISC &= 0b11110000; };
   661                           
   662                           ;incstack = 0
   663                           ;incstack = 0
   664  00FEA6  0EC0               	movlw	192
   665  00FEA8  1689               	andwf	3977,f,c	;volatile
   666  00FEAA  0EF0               	movlw	240
   667  00FEAC  168B               	andwf	3979,f,c	;volatile
   668  00FEAE  0ED0               	movlw	208
   669  00FEB0  010F               	movlb	15	; () banked
   670  00FEB2  010F               	movlb	15	; () banked
   671  00FEB4  1738               	andwf	56,f,b	;volatile
   672  00FEB6  0EF3               	movlw	243
   673  00FEB8  010F               	movlb	15	; () banked
   674  00FEBA  010F               	movlb	15	; () banked
   675  00FEBC  173A               	andwf	58,f,b	;volatile
   676  00FEBE  0EC0               	movlw	192
   677  00FEC0  1692               	andwf	3986,f,c	;volatile
   678  00FEC2  0EF0               	movlw	240
   679  00FEC4  1694               	andwf	3988,f,c	;volatile
   680                           
   681                           ; BSR set to: 15
   682                           ;OutPorts.c: 36: UINT8 out = 16 - 1;
   683  00FEC6  6E31               	movwf	??_sysOutInitialize& (0+255),c
   684  00FEC8  0E0F               	movlw	15
   685  00FECA  6E32               	movwf	sysOutInitialize@out,c
   686  00FECC  5031               	movf	??_sysOutInitialize& (0+255),w,c
   687  00FECE                     l725:
   688                           
   689                           ;OutPorts.c: 38: ports[out].timeout = 0;
   690  00FECE  5032               	movf	sysOutInitialize@out,w,c
   691  00FED0  0D03               	mullw	3
   692  00FED2  0E01               	movlw	low _ports
   693  00FED4  24F3               	addwf	prodl,w,c
   694  00FED6  6ED9               	movwf	fsr2l,c
   695  00FED8  0E00               	movlw	high _ports
   696  00FEDA  20F4               	addwfc	prodh,w,c
   697  00FEDC  6EDA               	movwf	fsr2h,c
   698  00FEDE  0E00               	movlw	0
   699  00FEE0  6EDE               	movwf	postinc2,c
   700  00FEE2  0E00               	movlw	0
   701  00FEE4  6EDD               	movwf	postdec2,c
   702                           
   703                           ;OutPorts.c: 39: ports[out].state = 0;
   704  00FEE6  5032               	movf	sysOutInitialize@out,w,c
   705  00FEE8  0D03               	mullw	3
   706  00FEEA  0E02               	movlw	2
   707  00FEEC  26F3               	addwf	prodl,f,c
   708  00FEEE  0E00               	movlw	0
   709  00FEF0  22F4               	addwfc	prodh,f,c
   710  00FEF2  0E01               	movlw	low _ports
   711  00FEF4  24F3               	addwf	prodl,w,c
   712  00FEF6  6ED9               	movwf	fsr2l,c
   713  00FEF8  0E00               	movlw	high _ports
   714  00FEFA  20F4               	addwfc	prodh,w,c
   715  00FEFC  6EDA               	movwf	fsr2h,c
   716  00FEFE  0EFE               	movlw	-2
   717  00FF00  16DF               	andwf	indf2,f,c
   718                           
   719                           ;OutPorts.c: 40: } while (out--);
   720  00FF02  0632               	decf	sysOutInitialize@out,f,c
   721  00FF04  2832               	incf	sysOutInitialize@out& (0+255),w,c
   722  00FF06  B4D8               	btfsc	status,2,c
   723  00FF08  0012               	return	
   724  00FF0A  D7E1               	goto	l725
   725  00FF0C                     __end_of_sysOutInitialize:
   726                           	opt stack 0
   727                           prodh	equ	0xFF4
   728                           prodl	equ	0xFF3
   729                           intcon	equ	0xFF2
   730                           postinc0	equ	0xFEE
   731                           wreg	equ	0xFE8
   732                           indf2	equ	0xFDF
   733                           postinc2	equ	0xFDE
   734                           postdec2	equ	0xFDD
   735                           fsr2h	equ	0xFDA
   736                           fsr2l	equ	0xFD9
   737                           status	equ	0xFD8
   738                           
   739 ;; *************** function _usrInitialize *****************
   740 ;; Defined at:
   741 ;;		line 33 in file "../Main.c"
   742 ;; Parameters:    Size  Location     Type
   743 ;;		None
   744 ;; Auto vars:     Size  Location     Type
   745 ;;		None
   746 ;; Return value:  Size  Location     Type
   747 ;;		None               void
   748 ;; Registers used:
   749 ;;		wreg, status,2
   750 ;; Tracked objects:
   751 ;;		On entry : 0/0
   752 ;;		On exit  : 0/0
   753 ;;		Unchanged: 0/0
   754 ;; Data sizes:     COMRAM   BANK0   BANK1   BANK2   BANK3   BANK4   BANK5   BANK6   BANK7   BANK8   BANK9  BANK10  BANK1
      +1  BANK12  BANK13  BANK14  BANK15
   755 ;;      Params:         0       0       0       0       0       0       0       0       0       0       0       0       
      +0       0       0       0       0
   756 ;;      Locals:         0       0       0       0       0       0       0       0       0       0       0       0       
      +0       0       0       0       0
   757 ;;      Temps:          0       0       0       0       0       0       0       0       0       0       0       0       
      +0       0       0       0       0
   758 ;;      Totals:         0       0       0       0       0       0       0       0       0       0       0       0       
      +0       0       0       0       0
   759 ;;Total ram usage:        0 bytes
   760 ;; Hardware stack levels used:    1
   761 ;; This function calls:
   762 ;;		Nothing
   763 ;; This function is called by:
   764 ;;		_eosMain
   765 ;; This function uses a non-reentrant model
   766 ;;
   767                           
   768                           	psect	text7
   769  00FE12                     __ptext7:
   770                           	opt stack 0
   771  00FE12                     _usrInitialize:
   772                           	opt stack 29
   773                           
   774                           ;Main.c: 43: OSCTUNEbits.PLLEN = 1;
   775                           
   776                           ;incstack = 0
   777                           ;incstack = 0
   778  00FE12  8C9B               	bsf	3995,6,c	;volatile
   779                           
   780                           ;Main.c: 44: OSCCONbits.IRCF = 7;
   781  00FE14  88D3               	bsf	4051,4,c	;volatile
   782  00FE16  8AD3               	bsf	4051,5,c	;volatile
   783  00FE18  8CD3               	bsf	4051,6,c	;volatile
   784                           
   785                           ;Main.c: 45: OSCTUNEbits.INTSRC = 1;
   786  00FE1A  8E9B               	bsf	3995,7,c	;volatile
   787                           
   788                           ;Main.c: 46: OSCCONbits.SCS = 0;
   789  00FE1C  0EFC               	movlw	-4
   790  00FE1E  16D3               	andwf	4051,f,c	;volatile
   791  00FE20  0012               	return	
   792  00FE22                     __end_of_usrInitialize:
   793                           	opt stack 0
   794  0000                     prodh	equ	0xFF4
   795                           prodl	equ	0xFF3
   796                           intcon	equ	0xFF2
   797                           postinc0	equ	0xFEE
   798                           wreg	equ	0xFE8
   799                           indf2	equ	0xFDF
   800                           postinc2	equ	0xFDE
   801                           postdec2	equ	0xFDD
   802                           fsr2h	equ	0xFDA
   803                           fsr2l	equ	0xFD9
   804                           status	equ	0xFD8
   805                           prodh	equ	0xFF4
   806                           prodl	equ	0xFF3
   807                           intcon	equ	0xFF2
   808                           postinc0	equ	0xFEE
   809                           wreg	equ	0xFE8
   810                           indf2	equ	0xFDF
   811                           postinc2	equ	0xFDE
   812                           postdec2	equ	0xFDD
   813                           fsr2h	equ	0xFDA
   814                           fsr2l	equ	0xFD9
   815                           status	equ	0xFD8
   816                           
   817                           	psect	rparam
   818  0000                     prodh	equ	0xFF4
   819                           prodl	equ	0xFF3
   820                           intcon	equ	0xFF2
   821                           postinc0	equ	0xFEE
   822                           wreg	equ	0xFE8
   823                           indf2	equ	0xFDF
   824                           postinc2	equ	0xFDE
   825                           postdec2	equ	0xFDD
   826                           fsr2h	equ	0xFDA
   827                           fsr2l	equ	0xFD9
   828                           status	equ	0xFD8


Data Sizes:
    Strings     0
    Constant    0
    Data        0
    BSS         48
    Persistent  0
    Stack       0

Auto Spaces:
    Space          Size  Autos    Used
    COMRAM           95      4      52
    BANK0           160      0       0
    BANK1           256      0       0
    BANK2           256      0       0
    BANK3           256      0       0
    BANK4           256      0       0
    BANK5           256      0       0
    BANK6           256      0       0
    BANK7           256      0       0
    BANK8           256      0       0
    BANK9           256      0       0
    BANK10          256      0       0
    BANK11          256      0       0
    BANK12          256      0       0
    BANK13          256      0       0
    BANK14          256      0       0
    BANK15           56      0       0

Pointer List with Targets:

    None.

Critical Paths under _main in COMRAM

    _eosMain->_usrLoop
    _usrLoop->_eosOutSet

Critical Paths under _main in BANK0

    None.

Critical Paths under _main in BANK1

    None.

Critical Paths under _main in BANK2

    None.

Critical Paths under _main in BANK3

    None.

Critical Paths under _main in BANK4

    None.

Critical Paths under _main in BANK5

    None.

Critical Paths under _main in BANK6

    None.

Critical Paths under _main in BANK7

    None.

Critical Paths under _main in BANK8

    None.

Critical Paths under _main in BANK9

    None.

Critical Paths under _main in BANK10

    None.

Critical Paths under _main in BANK11

    None.

Critical Paths under _main in BANK12

    None.

Critical Paths under _main in BANK13

    None.

Critical Paths under _main in BANK14

    None.

Critical Paths under _main in BANK15

    None.

Call Graph Tables:

 ---------------------------------------------------------------------------------
 (Depth) Function   	        Calls       Base Space   Used Autos Params    Refs
 ---------------------------------------------------------------------------------
 (0) _main                                                 0     0      0     435
                            _eosMain
 ---------------------------------------------------------------------------------
 (1) _eosMain                                              0     0      0     435
                      _usrInitialize
                   _sysOutInitialize
                           _usrSetup
                         _sysOutLoop
                            _usrLoop
 ---------------------------------------------------------------------------------
 (2) _usrLoop                                              2     2      0      60
                                              2 COMRAM     2     2      0
                          _eosOutSet
 ---------------------------------------------------------------------------------
 (3) _eosOutSet                                            2     0      2      60
                                              0 COMRAM     2     0      2
 ---------------------------------------------------------------------------------
 (2) _sysOutLoop                                           3     3      0     330
                                              0 COMRAM     3     3      0
 ---------------------------------------------------------------------------------
 (2) _usrSetup                                             0     0      0       0
 ---------------------------------------------------------------------------------
 (2) _sysOutInitialize                                     2     2      0      45
                                              0 COMRAM     2     2      0
 ---------------------------------------------------------------------------------
 (2) _usrInitialize                                        0     0      0       0
 ---------------------------------------------------------------------------------
 Estimated maximum stack depth 3
 ---------------------------------------------------------------------------------

 Call Graph Graphs:

 _main (ROOT)
   _eosMain
     _usrInitialize
     _sysOutInitialize
     _usrSetup
     _sysOutLoop
     _usrLoop
       _eosOutSet

 Address spaces:
Name               Size   Autos  Total    Cost      Usage
BIGRAM             F37      0       0      37        0.0%
EEDATA             400      0       0       0        0.0%
BITBANK14          100      0       0      33        0.0%
BANK14             100      0       0      34        0.0%
BITBANK13          100      0       0      31        0.0%
BANK13             100      0       0      32        0.0%
BITBANK12          100      0       0      29        0.0%
BANK12             100      0       0      30        0.0%
BITBANK11          100      0       0      27        0.0%
BANK11             100      0       0      28        0.0%
BITBANK10          100      0       0      25        0.0%
BANK10             100      0       0      26        0.0%
BITBANK9           100      0       0      23        0.0%
BANK9              100      0       0      24        0.0%
BITBANK8           100      0       0      21        0.0%
BANK8              100      0       0      22        0.0%
BITBANK7           100      0       0      19        0.0%
BANK7              100      0       0      20        0.0%
BITBANK6           100      0       0      17        0.0%
BANK6              100      0       0      18        0.0%
BITBANK5           100      0       0      15        0.0%
BANK5              100      0       0      16        0.0%
BITBANK4           100      0       0      13        0.0%
BANK4              100      0       0      14        0.0%
BITBANK3           100      0       0      10        0.0%
BANK3              100      0       0      11        0.0%
BITBANK2           100      0       0       8        0.0%
BANK2              100      0       0       9        0.0%
BITBANK1           100      0       0       6        0.0%
BANK1              100      0       0       7        0.0%
BITBANK0            A0      0       0       4        0.0%
BANK0               A0      0       0       5        0.0%
BITCOMRAM           5F      0       0       0        0.0%
COMRAM              5F      4      34       1       54.7%
BITBANK15           38      0       0      35        0.0%
BANK15              38      0       0      36        0.0%
BITSFR_1             0      0       0      40        0.0%
SFR_1                0      0       0      40        0.0%
BITSFR               0      0       0      40        0.0%
SFR                  0      0       0      40        0.0%
STACK                0      0       3       2        0.0%
NULL                 0      0       0       0        0.0%
ABS                  0      0      34      12        0.0%
DATA                 0      0      37       3        0.0%
CODE                 0      0       0       0        0.0%


Microchip Technology PIC18 Macro Assembler V1.20 build 52243 
Symbol Table                                                                                   Thu Dec 05 13:23:54 2013

                       u75 FF40                         u76 FF42                         u95 FF52  
                       u96 FF54               __CFG_CP0$OFF 000000               __CFG_CP2$OFF 000000  
             __CFG_CP3$OFF 000000                __CFG_LVP$ON 000000                        l725 FECE  
                      l741 FF44                        l735 FF16                        l761 FFA6  
                      l753 FF7E                        l745 FF56                        l835 FE56  
                      l773 FFE2                        l765 FFBA                        l757 FF92  
                      l749 FF6A                        l769 FFCE                        l777 FFF4  
             __CFG_CPB$OFF 000000                        u115 FF66                        u116 FF68  
                      u215 FFCA                        u135 FF7A                        u216 FFCC  
                      u136 FF7C                        u235 FFDE                        u155 FF8E  
                      u236 FFE0                        u156 FF90                        u255 FFF2  
                      u175 FFA2                        u256 FFF4                        u176 FFA4  
             __CFG_CPD$OFF 000000                        u195 FFB6                        u196 FFB8  
                      prod 000FF3                        wreg 000FE8                       _LATA 000F89  
                     _LATC 000F8B     __size_of_usrInitialize 0010                       _main FE0A  
                     indf2 000FDF                       fsr2l 000FD9              __CFG_BORV$250 000000  
                     prodh 000FF4                       prodl 000FF3                       start 0000  
            __CFG_IESO$OFF 000000                      ?_main 0031                      _TRISA 000F92  
                    _TRISC 000F94              __CFG_WRT0$OFF 000000              __CFG_WRT1$OFF 000000  
            __CFG_WRT2$OFF 000000              __CFG_WRT3$OFF 000000             __CFG_EBTR0$OFF 000000  
           __CFG_FCMEN$OFF 000000             __CFG_EBTR1$OFF 000000             __CFG_EBTR2$OFF 000000  
           __CFG_EBTR3$OFF 000000            __end_of_eosMain FE60              __CFG_WRTB$OFF 000000  
            __CFG_WRTC$OFF 000000              __CFG_WRTD$OFF 000000             __CFG_EBTRB$OFF 000000  
       __CFG_MCLRE$EXTMCLR 000000                      _ports 0001             __CFG_BOREN$OFF 000000  
                    status 000FD8            __end_of_usrLoop FE4A             __CFG_FOSC$HSMP 000000  
          __initialization FE22               __end_of_main FE12               eosOutSet@out 0031  
            _usrInitialize FE12                     ??_main 0035              __activetblptr 000000  
__size_of_sysOutInitialize 0066                     _ANSELA 000F38                     _ANSELC 000F3A  
           __CFG_WDTEN$OFF 000000             __CFG_PWRTEN$ON 000000             __CFG_XINST$OFF 000000  
      sysOutInitialize@out 0032             __CFG_STVREN$ON 000000             ?_usrInitialize 0031  
                   clear_0 FE28                  ??_eosMain 0035                  ??_usrLoop 0033  
         __end_of_usrSetup FE0A            __CFG_HFOFST$OFF 000000                 __accesstop 0060  
  __end_of__initialization FE2E            __CFG_PBADEN$OFF 000000             __pcstackCOMRAM 0031  
       __size_of_eosOutSet 0046            __CFG_PLLCFG$OFF 000000         __CFG_CCP2MX$PORTB3 000000  
          ??_usrInitialize 0031         __CFG_CCP3MX$PORTE0 000000           _sysOutInitialize FEA6  
                  __Hparam 0000                    __Lparam 0000          __end_of_eosOutSet FEA6  
                ?_usrSetup 0031                    __pcinit FE22                    __ramtop 1000  
                  __ptext0 FE0A                    __ptext1 FE4A                    __ptext2 FE34  
                  __ptext3 FE60                    __ptext4 FF0C                    __ptext5 FE08  
                  __ptext6 FEA6                    __ptext7 FE12                    _eosMain FE4A  
                  _usrLoop FE34       end_of_initialization FE2E                    postdec2 000FDD  
                  postinc0 000FEE                    postinc2 000FDE                 ??_usrSetup 0031  
                _PORTAbits 000F80                  _PORTCbits 000F82                 eosOutSet@s 0032  
               _sysOutLoop FF0C        start_initialization FE22   __end_of_sysOutInitialize FF0C  
              __pbssCOMRAM 0001                ?_sysOutLoop 0031      __end_of_usrInitialize FE22  
         __CFG_PRICLKEN$ON 000000                   ?_eosMain 0031                  _eosOutSet FE60  
        __size_of_usrSetup 0002                   ?_usrLoop 0031                sysOutLoop@v 0032  
         __CFG_WDTPS$32768 000000                 ?_eosOutSet 0031        __size_of_sysOutLoop 00F4  
                 __Hrparam 0000                   __Lrparam 0000          __CFG_P2BMX$PORTC0 000000  
         __size_of_eosMain 0016           __size_of_usrLoop 0016              __size_of_main 0008  
            sysOutLoop@out 0033          ?_sysOutInitialize 0031                   _usrSetup FE08  
       ??_sysOutInitialize 0031                ??_eosOutSet 0033                _OSCTUNEbits 000F9B  
               _INTCONbits 000FF2                 _OSCCONbits 000FD3               ??_sysOutLoop 0031  
        __CFG_T3CMX$PORTB5 000000         __end_of_sysOutLoop 0000  
